INFO:Successfully read in penny.concordance.json
INFO:Reading from PennyEuropeanSculpture.vol_1.TMP.txt and writing to PennyEuropeanSculpture.vol_1.TMP.csv...
INFO:Removed BOM from start of file. <@@META:PUB>
INFO:Pub date: 01-01-1992
WARNING:No object id found in concordance for record 40.
WARNING:No object id found in concordance for record 63.
WARNING:No object id found in concordance for record 159.
WARNING:No object id found in concordance for record 160.
WARNING:No object id found in concordance for record 161.
CRITICAL:Record 40 excluded from csv output as it lacks an object ID.
CRITICAL:Record 63 excluded from csv output as it lacks an object ID.
CRITICAL:Record 159 excluded from csv output as it lacks an object ID.
CRITICAL:Record 160 excluded from csv output as it lacks an object ID.
CRITICAL:Record 161 excluded from csv output as it lacks an object ID.
INFO:**********************************************************************
	** Overview of commands performed:
	** meta=1, new=212, process=201, link=167, EXTRA_sections=37, records_output=244
	** Each section included a 'process' statement: False
	** Total number of sections processed, including ones sharing same description = 249
	** Total number of sections output to csv = 244
	** Total number of sections without links in concordance: 5 (record no.s: 40, 63, 159, 160, 161)
	*************************************************************************
INFO:File saved successfully as /Users/paulwakelin/coding/ashmolean/textExtract/csv_files/PennyEuropeanSculpture.vol_1.TMP.xlsx
